0 info it worked if it ends with ok
1 verbose cli [ '/usr/bin/nodejs', '/usr/bin/npm', 'install' ]
2 info using npm@1.3.10
3 info using node@v0.10.25
4 warn package.json thief_login@0.1.0 No repository field.
5 verbose readDependencies using package.json deps
6 verbose install where, deps [ '/home/jules/WebstormProjects/thief_login',
6 verbose install   [ 'express',
6 verbose install     'socket.io',
6 verbose install     'ent',
6 verbose install     'mysql',
6 verbose install     'karma',
6 verbose install     'karma-xubuntu-reporter',
6 verbose install     'karma-jasmine',
6 verbose install     'phantomjs' ] ]
7 info preinstall thief_login@0.1.0
8 verbose readDependencies using package.json deps
9 verbose already installed skipping ent@~2.0.0 /home/jules/WebstormProjects/thief_login
10 verbose already installed skipping mysql@~2.3.1 /home/jules/WebstormProjects/thief_login
11 verbose already installed skipping karma@^0.12.4 /home/jules/WebstormProjects/thief_login
12 verbose cache add [ 'karma-xubuntu-reporter@0.0.4', null ]
13 verbose cache add name=undefined spec="karma-xubuntu-reporter@0.0.4" args=["karma-xubuntu-reporter@0.0.4",null]
14 verbose parsed url { protocol: null,
14 verbose parsed url   slashes: null,
14 verbose parsed url   auth: null,
14 verbose parsed url   host: null,
14 verbose parsed url   port: null,
14 verbose parsed url   hostname: null,
14 verbose parsed url   hash: null,
14 verbose parsed url   search: null,
14 verbose parsed url   query: null,
14 verbose parsed url   pathname: 'karma-xubuntu-reporter@0.0.4',
14 verbose parsed url   path: 'karma-xubuntu-reporter@0.0.4',
14 verbose parsed url   href: 'karma-xubuntu-reporter@0.0.4' }
15 verbose cache add name="karma-xubuntu-reporter" spec="0.0.4" args=["karma-xubuntu-reporter","0.0.4"]
16 verbose parsed url { protocol: null,
16 verbose parsed url   slashes: null,
16 verbose parsed url   auth: null,
16 verbose parsed url   host: null,
16 verbose parsed url   port: null,
16 verbose parsed url   hostname: null,
16 verbose parsed url   hash: null,
16 verbose parsed url   search: null,
16 verbose parsed url   query: null,
16 verbose parsed url   pathname: '0.0.4',
16 verbose parsed url   path: '0.0.4',
16 verbose parsed url   href: '0.0.4' }
17 verbose addNamed [ 'karma-xubuntu-reporter', '0.0.4' ]
18 verbose addNamed [ '0.0.4', '0.0.4' ]
19 verbose already installed skipping phantomjs@^1.9.7-3 /home/jules/WebstormProjects/thief_login
20 verbose already installed skipping karma-jasmine@^0.1.5 /home/jules/WebstormProjects/thief_login
21 silly lockFile 5230a320-karma-xubuntu-reporter-0-0-4 karma-xubuntu-reporter@0.0.4
22 verbose lock karma-xubuntu-reporter@0.0.4 /home/jules/.npm/5230a320-karma-xubuntu-reporter-0-0-4.lock
23 verbose already installed skipping express@~4.3.2 /home/jules/WebstormProjects/thief_login
24 verbose url raw karma-xubuntu-reporter/0.0.4
25 verbose url resolving [ 'https://registry.npmjs.org/',
25 verbose url resolving   './karma-xubuntu-reporter/0.0.4' ]
26 verbose url resolved https://registry.npmjs.org/karma-xubuntu-reporter/0.0.4
27 info trying registry request attempt 1 at 11:41:25
28 http GET https://registry.npmjs.org/karma-xubuntu-reporter/0.0.4
29 verbose already installed skipping socket.io@~1.0.2 /home/jules/WebstormProjects/thief_login
30 http 404 https://registry.npmjs.org/karma-xubuntu-reporter/0.0.4
31 silly registry.get cb [ 404,
31 silly registry.get   { date: 'Sat, 21 Jun 2014 09:41:25 GMT',
31 silly registry.get     server: 'CouchDB/1.5.0 (Erlang OTP/R14B04)',
31 silly registry.get     'content-type': 'application/json',
31 silly registry.get     'cache-control': 'max-age=0',
31 silly registry.get     'content-length': '52',
31 silly registry.get     'accept-ranges': 'bytes',
31 silly registry.get     via: '1.1 varnish',
31 silly registry.get     age: '0',
31 silly registry.get     'x-served-by': 'cache-ams4123-AMS',
31 silly registry.get     'x-cache': 'MISS',
31 silly registry.get     'x-cache-hits': '0',
31 silly registry.get     'x-timer': 'S1403343685.276655,VS0,VE166',
31 silly registry.get     'keep-alive': 'timeout=10, max=50',
31 silly registry.get     connection: 'Keep-Alive' } ]
32 silly lockFile 5230a320-karma-xubuntu-reporter-0-0-4 karma-xubuntu-reporter@0.0.4
33 silly lockFile 5230a320-karma-xubuntu-reporter-0-0-4 karma-xubuntu-reporter@0.0.4
34 error 404 'karma-xubuntu-reporter' is not in the npm registry.
34 error 404 You should bug the author to publish it
34 error 404
34 error 404 Note that you can also install from a
34 error 404 tarball, folder, or http url, or git url.
35 error System Linux 3.13.0-29-generic
36 error command "/usr/bin/nodejs" "/usr/bin/npm" "install"
37 error cwd /home/jules/WebstormProjects/thief_login
38 error node -v v0.10.25
39 error npm -v 1.3.10
40 error code E404
41 verbose exit [ 1, true ]
